CRITICAL - 2024-02-18 07:24:24 --> Undefined property: App\Controllers\User::$input
in APPPATH/Controllers/User.php on line 234.
 1 APPPATH/Controllers/User.php(234): CodeIgniter\Debug\Exceptions->errorHandler(2, 'Undefined property: App\\Controllers\\User::$input', '/storage/emulated/0/htdocs/mtm_api/app/Controllers/User.php', 234)
 2 SYSTEMPATH/CodeIgniter.php(942): App\Controllers\User->get_customer_payments()
 3 SYSTEMPATH/CodeIgniter.php(502): CodeIgniter\CodeIgniter->runController(Object(App\Controllers\User))
 4 SYSTEMPATH/CodeIgniter.php(361): CodeIgniter\CodeIgniter->handleRequest(null, Object(Config\Cache), false)
 5 FCPATH/index.php(79): CodeIgniter\CodeIgniter->run()
CRITICAL - 2024-02-18 08:00:03 --> Undefined variable $year
in APPPATH/Controllers/User.php on line 250.
 1 APPPATH/Controllers/User.php(250): CodeIgniter\Debug\Exceptions->errorHandler(2, 'Undefined variable $year', '/storage/emulated/0/htdocs/mtm_api/app/Controllers/User.php', 250)
 2 APPPATH/Controllers/User.php(244): App\Controllers\User->get_payment_status(0)
 3 SYSTEMPATH/CodeIgniter.php(942): App\Controllers\User->get_payment_statuses()
 4 SYSTEMPATH/CodeIgniter.php(502): CodeIgniter\CodeIgniter->runController(Object(App\Controllers\User))
 5 SYSTEMPATH/CodeIgniter.php(361): CodeIgniter\CodeIgniter->handleRequest(null, Object(Config\Cache), false)
 6 FCPATH/index.php(79): CodeIgniter\CodeIgniter->run()
CRITICAL - 2024-02-18 08:01:49 --> Undefined variable $year
in APPPATH/Controllers/User.php on line 250.
 1 APPPATH/Controllers/User.php(250): CodeIgniter\Debug\Exceptions->errorHandler(2, 'Undefined variable $year', '/storage/emulated/0/htdocs/mtm_api/app/Controllers/User.php', 250)
 2 APPPATH/Controllers/User.php(244): App\Controllers\User->get_payment_status(0)
 3 SYSTEMPATH/CodeIgniter.php(942): App\Controllers\User->get_payment_statuses()
 4 SYSTEMPATH/CodeIgniter.php(502): CodeIgniter\CodeIgniter->runController(Object(App\Controllers\User))
 5 SYSTEMPATH/CodeIgniter.php(361): CodeIgniter\CodeIgniter->handleRequest(null, Object(Config\Cache), false)
 6 FCPATH/index.php(79): CodeIgniter\CodeIgniter->run()
CRITICAL - 2024-02-18 08:02:07 --> Undefined variable $year
in APPPATH/Controllers/User.php on line 250.
 1 APPPATH/Controllers/User.php(250): CodeIgniter\Debug\Exceptions->errorHandler(2, 'Undefined variable $year', '/storage/emulated/0/htdocs/mtm_api/app/Controllers/User.php', 250)
 2 APPPATH/Controllers/User.php(244): App\Controllers\User->get_payment_status(0)
 3 SYSTEMPATH/CodeIgniter.php(942): App\Controllers\User->get_payment_statuses()
 4 SYSTEMPATH/CodeIgniter.php(502): CodeIgniter\CodeIgniter->runController(Object(App\Controllers\User))
 5 SYSTEMPATH/CodeIgniter.php(361): CodeIgniter\CodeIgniter->handleRequest(null, Object(Config\Cache), false)
 6 FCPATH/index.php(79): CodeIgniter\CodeIgniter->run()
CRITICAL - 2024-02-18 08:06:32 --> Undefined variable $year
in APPPATH/Controllers/User.php on line 250.
 1 APPPATH/Controllers/User.php(250): CodeIgniter\Debug\Exceptions->errorHandler(2, 'Undefined variable $year', '/storage/emulated/0/htdocs/mtm_api/app/Controllers/User.php', 250)
 2 APPPATH/Controllers/User.php(244): App\Controllers\User->get_payment_status(1)
 3 SYSTEMPATH/CodeIgniter.php(942): App\Controllers\User->get_payment_statuses()
 4 SYSTEMPATH/CodeIgniter.php(502): CodeIgniter\CodeIgniter->runController(Object(App\Controllers\User))
 5 SYSTEMPATH/CodeIgniter.php(361): CodeIgniter\CodeIgniter->handleRequest(null, Object(Config\Cache), false)
 6 FCPATH/index.php(79): CodeIgniter\CodeIgniter->run()
ERROR - 2024-02-18 16:15:16 --> mysqli_sql_exception: Table 'bhia6715_mtm.bank' doesn't exist in /storage/emulated/0/htdocs/mtm_api/system/Database/MySQLi/Connection.php:306
Stack trace:
#0 /storage/emulated/0/htdocs/mtm_api/system/Database/MySQLi/Connection.php(306): mysqli->query('SELECT * FROM `...', 0)
#1 /storage/emulated/0/htdocs/mtm_api/system/Database/BaseConnection.php(693): CodeIgniter\Database\MySQLi\Connection->execute('SELECT * FROM `...')
#2 /storage/emulated/0/htdocs/mtm_api/system/Database/BaseConnection.php(607): CodeIgniter\Database\BaseConnection->simpleQuery('SELECT * FROM `...')
#3 /storage/emulated/0/htdocs/mtm_api/app/Controllers/User.php(259): CodeIgniter\Database\BaseConnection->query('SELECT * FROM `...')
#4 /storage/emulated/0/htdocs/mtm_api/system/CodeIgniter.php(942): App\Controllers\User->get_payment_methods()
#5 /storage/emulated/0/htdocs/mtm_api/system/CodeIgniter.php(502): CodeIgniter\CodeIgniter->runController(Object(App\Controllers\User))
#6 /storage/emulated/0/htdocs/mtm_api/system/CodeIgniter.php(361): CodeIgniter\CodeIgniter->handleRequest(NULL, Object(Config\Cache), false)
#7 /storage/emulated/0/htdocs/mtm_api/public/index.php(79): CodeIgniter\CodeIgniter->run()
#8 {main}
CRITICAL - 2024-02-18 16:15:16 --> Table 'bhia6715_mtm.bank' doesn't exist
in SYSTEMPATH/Database/BaseConnection.php on line 647.
 1 APPPATH/Controllers/User.php(259): CodeIgniter\Database\BaseConnection->query('SELECT * FROM `bank`')
 2 SYSTEMPATH/CodeIgniter.php(942): App\Controllers\User->get_payment_methods()
 3 SYSTEMPATH/CodeIgniter.php(502): CodeIgniter\CodeIgniter->runController(Object(App\Controllers\User))
 4 SYSTEMPATH/CodeIgniter.php(361): CodeIgniter\CodeIgniter->handleRequest(null, Object(Config\Cache), false)
 5 FCPATH/index.php(79): CodeIgniter\CodeIgniter->run()
