ERROR - 2024-01-15 14:51:42 --> Error connecting to the database: ErrorException: mysqli::real_connect(): Error while reading greeting packet. PID=22857 in /storage/emulated/0/htdocs/mtm_api/system/Database/MySQLi/Connection.php:184
Stack trace:
#0 [internal function]: CodeIgniter\Debug\Exceptions->errorHandler(2, 'mysqli::real_co...', '/storage/emulat...', 184)
#1 /storage/emulated/0/htdocs/mtm_api/system/Database/MySQLi/Connection.php(184): mysqli->real_connect('localhost', 'mtm', Object(SensitiveParameterValue), 'mtm', 3306, '', 0)
#2 /storage/emulated/0/htdocs/mtm_api/system/Database/BaseConnection.php(392): CodeIgniter\Database\MySQLi\Connection->connect(false)
#3 /storage/emulated/0/htdocs/mtm_api/system/Database/BaseConnection.php(575): CodeIgniter\Database\BaseConnection->initialize()
#4 /storage/emulated/0/htdocs/mtm_api/app/Controllers/User.php(143): CodeIgniter\Database\BaseConnection->query('SELECT * FROM `...')
#5 /storage/emulated/0/htdocs/mtm_api/system/CodeIgniter.php(942): App\Controllers\User->get_unpaying_customers()
#6 /storage/emulated/0/htdocs/mtm_api/system/CodeIgniter.php(502): CodeIgniter\CodeIgniter->runController(Object(App\Controllers\User))
#7 /storage/emulated/0/htdocs/mtm_api/system/CodeIgniter.php(361): CodeIgniter\CodeIgniter->handleRequest(NULL, Object(Config\Cache), false)
#8 /storage/emulated/0/htdocs/mtm_api/public/index.php(79): CodeIgniter\CodeIgniter->run()
#9 {main}

Next mysqli_sql_exception: MySQL server has gone away in /storage/emulated/0/htdocs/mtm_api/system/Database/MySQLi/Connection.php:184
Stack trace:
#0 /storage/emulated/0/htdocs/mtm_api/system/Database/MySQLi/Connection.php(184): mysqli->real_connect('localhost', 'mtm', Object(SensitiveParameterValue), 'mtm', 3306, '', 0)
#1 /storage/emulated/0/htdocs/mtm_api/system/Database/BaseConnection.php(392): CodeIgniter\Database\MySQLi\Connection->connect(false)
#2 /storage/emulated/0/htdocs/mtm_api/system/Database/BaseConnection.php(575): CodeIgniter\Database\BaseConnection->initialize()
#3 /storage/emulated/0/htdocs/mtm_api/app/Controllers/User.php(143): CodeIgniter\Database\BaseConnection->query('SELECT * FROM `...')
#4 /storage/emulated/0/htdocs/mtm_api/system/CodeIgniter.php(942): App\Controllers\User->get_unpaying_customers()
#5 /storage/emulated/0/htdocs/mtm_api/system/CodeIgniter.php(502): CodeIgniter\CodeIgniter->runController(Object(App\Controllers\User))
#6 /storage/emulated/0/htdocs/mtm_api/system/CodeIgniter.php(361): CodeIgniter\CodeIgniter->handleRequest(NULL, Object(Config\Cache), false)
#7 /storage/emulated/0/htdocs/mtm_api/public/index.php(79): CodeIgniter\CodeIgniter->run()
#8 {main}

Next CodeIgniter\Database\Exceptions\DatabaseException: MySQL server has gone away in /storage/emulated/0/htdocs/mtm_api/system/Database/MySQLi/Connection.php:229
Stack trace:
#0 /storage/emulated/0/htdocs/mtm_api/system/Database/BaseConnection.php(392): CodeIgniter\Database\MySQLi\Connection->connect(false)
#1 /storage/emulated/0/htdocs/mtm_api/system/Database/BaseConnection.php(575): CodeIgniter\Database\BaseConnection->initialize()
#2 /storage/emulated/0/htdocs/mtm_api/app/Controllers/User.php(143): CodeIgniter\Database\BaseConnection->query('SELECT * FROM `...')
#3 /storage/emulated/0/htdocs/mtm_api/system/CodeIgniter.php(942): App\Controllers\User->get_unpaying_customers()
#4 /storage/emulated/0/htdocs/mtm_api/system/CodeIgniter.php(502): CodeIgniter\CodeIgniter->runController(Object(App\Controllers\User))
#5 /storage/emulated/0/htdocs/mtm_api/system/CodeIgniter.php(361): CodeIgniter\CodeIgniter->handleRequest(NULL, Object(Config\Cache), false)
#6 /storage/emulated/0/htdocs/mtm_api/public/index.php(79): CodeIgniter\CodeIgniter->run()
#7 {main}
ERROR - 2024-01-15 14:51:42 --> Error connecting to the database: ErrorException: mysqli::real_connect(): Error while reading greeting packet. PID=22856 in /storage/emulated/0/htdocs/mtm_api/system/Database/MySQLi/Connection.php:184
Stack trace:
#0 [internal function]: CodeIgniter\Debug\Exceptions->errorHandler(2, 'mysqli::real_co...', '/storage/emulat...', 184)
#1 /storage/emulated/0/htdocs/mtm_api/system/Database/MySQLi/Connection.php(184): mysqli->real_connect('localhost', 'mtm', Object(SensitiveParameterValue), 'mtm', 3306, '', 0)
#2 /storage/emulated/0/htdocs/mtm_api/system/Database/BaseConnection.php(392): CodeIgniter\Database\MySQLi\Connection->connect(false)
#3 /storage/emulated/0/htdocs/mtm_api/system/Database/BaseConnection.php(575): CodeIgniter\Database\BaseConnection->initialize()
#4 /storage/emulated/0/htdocs/mtm_api/app/Controllers/User.php(60): CodeIgniter\Database\BaseConnection->query('SELECT * FROM `...')
#5 /storage/emulated/0/htdocs/mtm_api/system/CodeIgniter.php(942): App\Controllers\User->get_customer_data()
#6 /storage/emulated/0/htdocs/mtm_api/system/CodeIgniter.php(502): CodeIgniter\CodeIgniter->runController(Object(App\Controllers\User))
#7 /storage/emulated/0/htdocs/mtm_api/system/CodeIgniter.php(361): CodeIgniter\CodeIgniter->handleRequest(NULL, Object(Config\Cache), false)
#8 /storage/emulated/0/htdocs/mtm_api/public/index.php(79): CodeIgniter\CodeIgniter->run()
#9 {main}

Next mysqli_sql_exception: MySQL server has gone away in /storage/emulated/0/htdocs/mtm_api/system/Database/MySQLi/Connection.php:184
Stack trace:
#0 /storage/emulated/0/htdocs/mtm_api/system/Database/MySQLi/Connection.php(184): mysqli->real_connect('localhost', 'mtm', Object(SensitiveParameterValue), 'mtm', 3306, '', 0)
#1 /storage/emulated/0/htdocs/mtm_api/system/Database/BaseConnection.php(392): CodeIgniter\Database\MySQLi\Connection->connect(false)
#2 /storage/emulated/0/htdocs/mtm_api/system/Database/BaseConnection.php(575): CodeIgniter\Database\BaseConnection->initialize()
#3 /storage/emulated/0/htdocs/mtm_api/app/Controllers/User.php(60): CodeIgniter\Database\BaseConnection->query('SELECT * FROM `...')
#4 /storage/emulated/0/htdocs/mtm_api/system/CodeIgniter.php(942): App\Controllers\User->get_customer_data()
#5 /storage/emulated/0/htdocs/mtm_api/system/CodeIgniter.php(502): CodeIgniter\CodeIgniter->runController(Object(App\Controllers\User))
#6 /storage/emulated/0/htdocs/mtm_api/system/CodeIgniter.php(361): CodeIgniter\CodeIgniter->handleRequest(NULL, Object(Config\Cache), false)
#7 /storage/emulated/0/htdocs/mtm_api/public/index.php(79): CodeIgniter\CodeIgniter->run()
#8 {main}

Next CodeIgniter\Database\Exceptions\DatabaseException: MySQL server has gone away in /storage/emulated/0/htdocs/mtm_api/system/Database/MySQLi/Connection.php:229
Stack trace:
#0 /storage/emulated/0/htdocs/mtm_api/system/Database/BaseConnection.php(392): CodeIgniter\Database\MySQLi\Connection->connect(false)
#1 /storage/emulated/0/htdocs/mtm_api/system/Database/BaseConnection.php(575): CodeIgniter\Database\BaseConnection->initialize()
#2 /storage/emulated/0/htdocs/mtm_api/app/Controllers/User.php(60): CodeIgniter\Database\BaseConnection->query('SELECT * FROM `...')
#3 /storage/emulated/0/htdocs/mtm_api/system/CodeIgniter.php(942): App\Controllers\User->get_customer_data()
#4 /storage/emulated/0/htdocs/mtm_api/system/CodeIgniter.php(502): CodeIgniter\CodeIgniter->runController(Object(App\Controllers\User))
#5 /storage/emulated/0/htdocs/mtm_api/system/CodeIgniter.php(361): CodeIgniter\CodeIgniter->handleRequest(NULL, Object(Config\Cache), false)
#6 /storage/emulated/0/htdocs/mtm_api/public/index.php(79): CodeIgniter\CodeIgniter->run()
#7 {main}
CRITICAL - 2024-01-15 14:51:42 --> Unable to connect to the database.
Main connection [MySQLi]: MySQL server has gone away
in SYSTEMPATH/Database/BaseConnection.php on line 428.
 1 SYSTEMPATH/Database/BaseConnection.php(575): CodeIgniter\Database\BaseConnection->initialize()
 2 APPPATH/Controllers/User.php(60): CodeIgniter\Database\BaseConnection->query('SELECT * FROM `customer`')
 3 SYSTEMPATH/CodeIgniter.php(942): App\Controllers\User->get_customer_data()
 4 SYSTEMPATH/CodeIgniter.php(502): CodeIgniter\CodeIgniter->runController(Object(App\Controllers\User))
 5 SYSTEMPATH/CodeIgniter.php(361): CodeIgniter\CodeIgniter->handleRequest(null, Object(Config\Cache), false)
 6 FCPATH/index.php(79): CodeIgniter\CodeIgniter->run()
CRITICAL - 2024-01-15 14:51:42 --> Unable to connect to the database.
Main connection [MySQLi]: MySQL server has gone away
in SYSTEMPATH/Database/BaseConnection.php on line 428.
 1 SYSTEMPATH/Database/BaseConnection.php(575): CodeIgniter\Database\BaseConnection->initialize()
 2 APPPATH/Controllers/User.php(143): CodeIgniter\Database\BaseConnection->query('SELECT * FROM `overdue` WHERE `paid`=0 AND MONTH(`updated_at`)=01 AND YEAR(`updated_at`)=2024')
 3 SYSTEMPATH/CodeIgniter.php(942): App\Controllers\User->get_unpaying_customers()
 4 SYSTEMPATH/CodeIgniter.php(502): CodeIgniter\CodeIgniter->runController(Object(App\Controllers\User))
 5 SYSTEMPATH/CodeIgniter.php(361): CodeIgniter\CodeIgniter->handleRequest(null, Object(Config\Cache), false)
 6 FCPATH/index.php(79): CodeIgniter\CodeIgniter->run()
