ERROR - 2024-03-03 00:20:30 --> Error connecting to the database: ErrorException: mysqli::real_connect(): Error while reading greeting packet. PID=5147 in /storage/emulated/0/htdocs/mtm_api/system/Database/MySQLi/Connection.php:184
Stack trace:
#0 [internal function]: CodeIgniter\Debug\Exceptions->errorHandler(2, 'mysqli::real_co...', '/storage/emulat...', 184)
#1 /storage/emulated/0/htdocs/mtm_api/system/Database/MySQLi/Connection.php(184): mysqli->real_connect('localhost', 'bhia6715_mtm', Object(SensitiveParameterValue), 'bhia6715_mtm', 3306, '', 0)
#2 /storage/emulated/0/htdocs/mtm_api/system/Database/BaseConnection.php(392): CodeIgniter\Database\MySQLi\Connection->connect(false)
#3 /storage/emulated/0/htdocs/mtm_api/system/Database/BaseConnection.php(575): CodeIgniter\Database\BaseConnection->initialize()
#4 /storage/emulated/0/htdocs/mtm_api/app/Controllers/User.php(63): CodeIgniter\Database\BaseConnection->query('SELECT * FROM `...')
#5 /storage/emulated/0/htdocs/mtm_api/system/CodeIgniter.php(942): App\Controllers\User->get_customer_data()
#6 /storage/emulated/0/htdocs/mtm_api/system/CodeIgniter.php(502): CodeIgniter\CodeIgniter->runController(Object(App\Controllers\User))
#7 /storage/emulated/0/htdocs/mtm_api/system/CodeIgniter.php(361): CodeIgniter\CodeIgniter->handleRequest(NULL, Object(Config\Cache), false)
#8 /storage/emulated/0/htdocs/mtm_api/public/index.php(79): CodeIgniter\CodeIgniter->run()
#9 {main}

Next mysqli_sql_exception: MySQL server has gone away in /storage/emulated/0/htdocs/mtm_api/system/Database/MySQLi/Connection.php:184
Stack trace:
#0 /storage/emulated/0/htdocs/mtm_api/system/Database/MySQLi/Connection.php(184): mysqli->real_connect('localhost', 'bhia6715_mtm', Object(SensitiveParameterValue), 'bhia6715_mtm', 3306, '', 0)
#1 /storage/emulated/0/htdocs/mtm_api/system/Database/BaseConnection.php(392): CodeIgniter\Database\MySQLi\Connection->connect(false)
#2 /storage/emulated/0/htdocs/mtm_api/system/Database/BaseConnection.php(575): CodeIgniter\Database\BaseConnection->initialize()
#3 /storage/emulated/0/htdocs/mtm_api/app/Controllers/User.php(63): CodeIgniter\Database\BaseConnection->query('SELECT * FROM `...')
#4 /storage/emulated/0/htdocs/mtm_api/system/CodeIgniter.php(942): App\Controllers\User->get_customer_data()
#5 /storage/emulated/0/htdocs/mtm_api/system/CodeIgniter.php(502): CodeIgniter\CodeIgniter->runController(Object(App\Controllers\User))
#6 /storage/emulated/0/htdocs/mtm_api/system/CodeIgniter.php(361): CodeIgniter\CodeIgniter->handleRequest(NULL, Object(Config\Cache), false)
#7 /storage/emulated/0/htdocs/mtm_api/public/index.php(79): CodeIgniter\CodeIgniter->run()
#8 {main}

Next CodeIgniter\Database\Exceptions\DatabaseException: MySQL server has gone away in /storage/emulated/0/htdocs/mtm_api/system/Database/MySQLi/Connection.php:229
Stack trace:
#0 /storage/emulated/0/htdocs/mtm_api/system/Database/BaseConnection.php(392): CodeIgniter\Database\MySQLi\Connection->connect(false)
#1 /storage/emulated/0/htdocs/mtm_api/system/Database/BaseConnection.php(575): CodeIgniter\Database\BaseConnection->initialize()
#2 /storage/emulated/0/htdocs/mtm_api/app/Controllers/User.php(63): CodeIgniter\Database\BaseConnection->query('SELECT * FROM `...')
#3 /storage/emulated/0/htdocs/mtm_api/system/CodeIgniter.php(942): App\Controllers\User->get_customer_data()
#4 /storage/emulated/0/htdocs/mtm_api/system/CodeIgniter.php(502): CodeIgniter\CodeIgniter->runController(Object(App\Controllers\User))
#5 /storage/emulated/0/htdocs/mtm_api/system/CodeIgniter.php(361): CodeIgniter\CodeIgniter->handleRequest(NULL, Object(Config\Cache), false)
#6 /storage/emulated/0/htdocs/mtm_api/public/index.php(79): CodeIgniter\CodeIgniter->run()
#7 {main}
ERROR - 2024-03-03 00:20:30 --> Error connecting to the database: ErrorException: mysqli::real_connect(): Error while reading greeting packet. PID=5151 in /storage/emulated/0/htdocs/mtm_api/system/Database/MySQLi/Connection.php:184
Stack trace:
#0 [internal function]: CodeIgniter\Debug\Exceptions->errorHandler(2, 'mysqli::real_co...', '/storage/emulat...', 184)
#1 /storage/emulated/0/htdocs/mtm_api/system/Database/MySQLi/Connection.php(184): mysqli->real_connect('localhost', 'bhia6715_mtm', Object(SensitiveParameterValue), 'bhia6715_mtm', 3306, '', 0)
#2 /storage/emulated/0/htdocs/mtm_api/system/Database/BaseConnection.php(392): CodeIgniter\Database\MySQLi\Connection->connect(false)
#3 /storage/emulated/0/htdocs/mtm_api/system/Database/BaseConnection.php(575): CodeIgniter\Database\BaseConnection->initialize()
#4 /storage/emulated/0/htdocs/mtm_api/app/Controllers/User.php(146): CodeIgniter\Database\BaseConnection->query('SELECT * FROM `...')
#5 /storage/emulated/0/htdocs/mtm_api/system/CodeIgniter.php(942): App\Controllers\User->get_unpaying_customers()
#6 /storage/emulated/0/htdocs/mtm_api/system/CodeIgniter.php(502): CodeIgniter\CodeIgniter->runController(Object(App\Controllers\User))
#7 /storage/emulated/0/htdocs/mtm_api/system/CodeIgniter.php(361): CodeIgniter\CodeIgniter->handleRequest(NULL, Object(Config\Cache), false)
#8 /storage/emulated/0/htdocs/mtm_api/public/index.php(79): CodeIgniter\CodeIgniter->run()
#9 {main}

Next mysqli_sql_exception: MySQL server has gone away in /storage/emulated/0/htdocs/mtm_api/system/Database/MySQLi/Connection.php:184
Stack trace:
#0 /storage/emulated/0/htdocs/mtm_api/system/Database/MySQLi/Connection.php(184): mysqli->real_connect('localhost', 'bhia6715_mtm', Object(SensitiveParameterValue), 'bhia6715_mtm', 3306, '', 0)
#1 /storage/emulated/0/htdocs/mtm_api/system/Database/BaseConnection.php(392): CodeIgniter\Database\MySQLi\Connection->connect(false)
#2 /storage/emulated/0/htdocs/mtm_api/system/Database/BaseConnection.php(575): CodeIgniter\Database\BaseConnection->initialize()
#3 /storage/emulated/0/htdocs/mtm_api/app/Controllers/User.php(146): CodeIgniter\Database\BaseConnection->query('SELECT * FROM `...')
#4 /storage/emulated/0/htdocs/mtm_api/system/CodeIgniter.php(942): App\Controllers\User->get_unpaying_customers()
#5 /storage/emulated/0/htdocs/mtm_api/system/CodeIgniter.php(502): CodeIgniter\CodeIgniter->runController(Object(App\Controllers\User))
#6 /storage/emulated/0/htdocs/mtm_api/system/CodeIgniter.php(361): CodeIgniter\CodeIgniter->handleRequest(NULL, Object(Config\Cache), false)
#7 /storage/emulated/0/htdocs/mtm_api/public/index.php(79): CodeIgniter\CodeIgniter->run()
#8 {main}

Next CodeIgniter\Database\Exceptions\DatabaseException: MySQL server has gone away in /storage/emulated/0/htdocs/mtm_api/system/Database/MySQLi/Connection.php:229
Stack trace:
#0 /storage/emulated/0/htdocs/mtm_api/system/Database/BaseConnection.php(392): CodeIgniter\Database\MySQLi\Connection->connect(false)
#1 /storage/emulated/0/htdocs/mtm_api/system/Database/BaseConnection.php(575): CodeIgniter\Database\BaseConnection->initialize()
#2 /storage/emulated/0/htdocs/mtm_api/app/Controllers/User.php(146): CodeIgniter\Database\BaseConnection->query('SELECT * FROM `...')
#3 /storage/emulated/0/htdocs/mtm_api/system/CodeIgniter.php(942): App\Controllers\User->get_unpaying_customers()
#4 /storage/emulated/0/htdocs/mtm_api/system/CodeIgniter.php(502): CodeIgniter\CodeIgniter->runController(Object(App\Controllers\User))
#5 /storage/emulated/0/htdocs/mtm_api/system/CodeIgniter.php(361): CodeIgniter\CodeIgniter->handleRequest(NULL, Object(Config\Cache), false)
#6 /storage/emulated/0/htdocs/mtm_api/public/index.php(79): CodeIgniter\CodeIgniter->run()
#7 {main}
CRITICAL - 2024-03-03 00:20:30 --> Unable to connect to the database.
Main connection [MySQLi]: MySQL server has gone away
in SYSTEMPATH/Database/BaseConnection.php on line 428.
 1 SYSTEMPATH/Database/BaseConnection.php(575): CodeIgniter\Database\BaseConnection->initialize()
 2 APPPATH/Controllers/User.php(146): CodeIgniter\Database\BaseConnection->query('SELECT * FROM `overdue` WHERE `paid`=0 AND MONTH(`updated_at`)=03 AND YEAR(`updated_at`)=2024')
 3 SYSTEMPATH/CodeIgniter.php(942): App\Controllers\User->get_unpaying_customers()
 4 SYSTEMPATH/CodeIgniter.php(502): CodeIgniter\CodeIgniter->runController(Object(App\Controllers\User))
 5 SYSTEMPATH/CodeIgniter.php(361): CodeIgniter\CodeIgniter->handleRequest(null, Object(Config\Cache), false)
 6 FCPATH/index.php(79): CodeIgniter\CodeIgniter->run()
CRITICAL - 2024-03-03 00:20:30 --> Unable to connect to the database.
Main connection [MySQLi]: MySQL server has gone away
in SYSTEMPATH/Database/BaseConnection.php on line 428.
 1 SYSTEMPATH/Database/BaseConnection.php(575): CodeIgniter\Database\BaseConnection->initialize()
 2 APPPATH/Controllers/User.php(63): CodeIgniter\Database\BaseConnection->query('SELECT * FROM `customer`')
 3 SYSTEMPATH/CodeIgniter.php(942): App\Controllers\User->get_customer_data()
 4 SYSTEMPATH/CodeIgniter.php(502): CodeIgniter\CodeIgniter->runController(Object(App\Controllers\User))
 5 SYSTEMPATH/CodeIgniter.php(361): CodeIgniter\CodeIgniter->handleRequest(null, Object(Config\Cache), false)
 6 FCPATH/index.php(79): CodeIgniter\CodeIgniter->run()
ERROR - 2024-03-03 00:20:38 --> Error connecting to the database: mysqli_sql_exception: Connection refused in /storage/emulated/0/htdocs/mtm_api/system/Database/MySQLi/Connection.php:184
Stack trace:
#0 /storage/emulated/0/htdocs/mtm_api/system/Database/MySQLi/Connection.php(184): mysqli->real_connect('localhost', 'bhia6715_mtm', Object(SensitiveParameterValue), 'bhia6715_mtm', 3306, '', 0)
#1 /storage/emulated/0/htdocs/mtm_api/system/Database/BaseConnection.php(392): CodeIgniter\Database\MySQLi\Connection->connect(false)
#2 /storage/emulated/0/htdocs/mtm_api/system/Database/BaseConnection.php(575): CodeIgniter\Database\BaseConnection->initialize()
#3 /storage/emulated/0/htdocs/mtm_api/app/Controllers/User.php(63): CodeIgniter\Database\BaseConnection->query('SELECT * FROM `...')
#4 /storage/emulated/0/htdocs/mtm_api/system/CodeIgniter.php(942): App\Controllers\User->get_customer_data()
#5 /storage/emulated/0/htdocs/mtm_api/system/CodeIgniter.php(502): CodeIgniter\CodeIgniter->runController(Object(App\Controllers\User))
#6 /storage/emulated/0/htdocs/mtm_api/system/CodeIgniter.php(361): CodeIgniter\CodeIgniter->handleRequest(NULL, Object(Config\Cache), false)
#7 /storage/emulated/0/htdocs/mtm_api/public/index.php(79): CodeIgniter\CodeIgniter->run()
#8 {main}

Next CodeIgniter\Database\Exceptions\DatabaseException: Connection refused in /storage/emulated/0/htdocs/mtm_api/system/Database/MySQLi/Connection.php:229
Stack trace:
#0 /storage/emulated/0/htdocs/mtm_api/system/Database/BaseConnection.php(392): CodeIgniter\Database\MySQLi\Connection->connect(false)
#1 /storage/emulated/0/htdocs/mtm_api/system/Database/BaseConnection.php(575): CodeIgniter\Database\BaseConnection->initialize()
#2 /storage/emulated/0/htdocs/mtm_api/app/Controllers/User.php(63): CodeIgniter\Database\BaseConnection->query('SELECT * FROM `...')
#3 /storage/emulated/0/htdocs/mtm_api/system/CodeIgniter.php(942): App\Controllers\User->get_customer_data()
#4 /storage/emulated/0/htdocs/mtm_api/system/CodeIgniter.php(502): CodeIgniter\CodeIgniter->runController(Object(App\Controllers\User))
#5 /storage/emulated/0/htdocs/mtm_api/system/CodeIgniter.php(361): CodeIgniter\CodeIgniter->handleRequest(NULL, Object(Config\Cache), false)
#6 /storage/emulated/0/htdocs/mtm_api/public/index.php(79): CodeIgniter\CodeIgniter->run()
#7 {main}
CRITICAL - 2024-03-03 00:20:38 --> Unable to connect to the database.
Main connection [MySQLi]: Connection refused
in SYSTEMPATH/Database/BaseConnection.php on line 428.
 1 SYSTEMPATH/Database/BaseConnection.php(575): CodeIgniter\Database\BaseConnection->initialize()
 2 APPPATH/Controllers/User.php(63): CodeIgniter\Database\BaseConnection->query('SELECT * FROM `customer`')
 3 SYSTEMPATH/CodeIgniter.php(942): App\Controllers\User->get_customer_data()
 4 SYSTEMPATH/CodeIgniter.php(502): CodeIgniter\CodeIgniter->runController(Object(App\Controllers\User))
 5 SYSTEMPATH/CodeIgniter.php(361): CodeIgniter\CodeIgniter->handleRequest(null, Object(Config\Cache), false)
 6 FCPATH/index.php(79): CodeIgniter\CodeIgniter->run()
ERROR - 2024-03-03 00:20:39 --> Error connecting to the database: mysqli_sql_exception: Connection refused in /storage/emulated/0/htdocs/mtm_api/system/Database/MySQLi/Connection.php:184
Stack trace:
#0 /storage/emulated/0/htdocs/mtm_api/system/Database/MySQLi/Connection.php(184): mysqli->real_connect('localhost', 'bhia6715_mtm', Object(SensitiveParameterValue), 'bhia6715_mtm', 3306, '', 0)
#1 /storage/emulated/0/htdocs/mtm_api/system/Database/BaseConnection.php(392): CodeIgniter\Database\MySQLi\Connection->connect(false)
#2 /storage/emulated/0/htdocs/mtm_api/system/Database/BaseConnection.php(575): CodeIgniter\Database\BaseConnection->initialize()
#3 /storage/emulated/0/htdocs/mtm_api/app/Controllers/User.php(146): CodeIgniter\Database\BaseConnection->query('SELECT * FROM `...')
#4 /storage/emulated/0/htdocs/mtm_api/system/CodeIgniter.php(942): App\Controllers\User->get_unpaying_customers()
#5 /storage/emulated/0/htdocs/mtm_api/system/CodeIgniter.php(502): CodeIgniter\CodeIgniter->runController(Object(App\Controllers\User))
#6 /storage/emulated/0/htdocs/mtm_api/system/CodeIgniter.php(361): CodeIgniter\CodeIgniter->handleRequest(NULL, Object(Config\Cache), false)
#7 /storage/emulated/0/htdocs/mtm_api/public/index.php(79): CodeIgniter\CodeIgniter->run()
#8 {main}

Next CodeIgniter\Database\Exceptions\DatabaseException: Connection refused in /storage/emulated/0/htdocs/mtm_api/system/Database/MySQLi/Connection.php:229
Stack trace:
#0 /storage/emulated/0/htdocs/mtm_api/system/Database/BaseConnection.php(392): CodeIgniter\Database\MySQLi\Connection->connect(false)
#1 /storage/emulated/0/htdocs/mtm_api/system/Database/BaseConnection.php(575): CodeIgniter\Database\BaseConnection->initialize()
#2 /storage/emulated/0/htdocs/mtm_api/app/Controllers/User.php(146): CodeIgniter\Database\BaseConnection->query('SELECT * FROM `...')
#3 /storage/emulated/0/htdocs/mtm_api/system/CodeIgniter.php(942): App\Controllers\User->get_unpaying_customers()
#4 /storage/emulated/0/htdocs/mtm_api/system/CodeIgniter.php(502): CodeIgniter\CodeIgniter->runController(Object(App\Controllers\User))
#5 /storage/emulated/0/htdocs/mtm_api/system/CodeIgniter.php(361): CodeIgniter\CodeIgniter->handleRequest(NULL, Object(Config\Cache), false)
#6 /storage/emulated/0/htdocs/mtm_api/public/index.php(79): CodeIgniter\CodeIgniter->run()
#7 {main}
CRITICAL - 2024-03-03 00:20:39 --> Unable to connect to the database.
Main connection [MySQLi]: Connection refused
in SYSTEMPATH/Database/BaseConnection.php on line 428.
 1 SYSTEMPATH/Database/BaseConnection.php(575): CodeIgniter\Database\BaseConnection->initialize()
 2 APPPATH/Controllers/User.php(146): CodeIgniter\Database\BaseConnection->query('SELECT * FROM `overdue` WHERE `paid`=0 AND MONTH(`updated_at`)=03 AND YEAR(`updated_at`)=2024')
 3 SYSTEMPATH/CodeIgniter.php(942): App\Controllers\User->get_unpaying_customers()
 4 SYSTEMPATH/CodeIgniter.php(502): CodeIgniter\CodeIgniter->runController(Object(App\Controllers\User))
 5 SYSTEMPATH/CodeIgniter.php(361): CodeIgniter\CodeIgniter->handleRequest(null, Object(Config\Cache), false)
 6 FCPATH/index.php(79): CodeIgniter\CodeIgniter->run()
ERROR - 2024-03-03 00:22:42 --> mysqli_sql_exception: You have an error in your SQL syntax; check the manual that corresponds to your MySQL server version for the right syntax to use near 'WHERE `method`='cash' ORDER BY `date` DESC' at line 1 in /storage/emulated/0/htdocs/mtm_api/system/Database/MySQLi/Connection.php:306
Stack trace:
#0 /storage/emulated/0/htdocs/mtm_api/system/Database/MySQLi/Connection.php(306): mysqli->query('SELECT * FROM `...', 0)
#1 /storage/emulated/0/htdocs/mtm_api/system/Database/BaseConnection.php(693): CodeIgniter\Database\MySQLi\Connection->execute('SELECT * FROM `...')
#2 /storage/emulated/0/htdocs/mtm_api/system/Database/BaseConnection.php(607): CodeIgniter\Database\BaseConnection->simpleQuery('SELECT * FROM `...')
#3 /storage/emulated/0/htdocs/mtm_api/app/Controllers/User.php(414): CodeIgniter\Database\BaseConnection->query('SELECT * FROM `...')
#4 /storage/emulated/0/htdocs/mtm_api/system/CodeIgniter.php(942): App\Controllers\User->get_cash_payments()
#5 /storage/emulated/0/htdocs/mtm_api/system/CodeIgniter.php(502): CodeIgniter\CodeIgniter->runController(Object(App\Controllers\User))
#6 /storage/emulated/0/htdocs/mtm_api/system/CodeIgniter.php(361): CodeIgniter\CodeIgniter->handleRequest(NULL, Object(Config\Cache), false)
#7 /storage/emulated/0/htdocs/mtm_api/public/index.php(79): CodeIgniter\CodeIgniter->run()
#8 {main}
CRITICAL - 2024-03-03 00:22:42 --> You have an error in your SQL syntax; check the manual that corresponds to your MySQL server version for the right syntax to use near 'WHERE `method`='cash' ORDER BY `date` DESC' at line 1
in SYSTEMPATH/Database/BaseConnection.php on line 647.
 1 APPPATH/Controllers/User.php(414): CodeIgniter\Database\BaseConnection->query('SELECT * FROM `payment` WHERE `customer_id` WHERE `method`=\'cash\' ORDER BY `date` DESC')
 2 SYSTEMPATH/CodeIgniter.php(942): App\Controllers\User->get_cash_payments()
 3 SYSTEMPATH/CodeIgniter.php(502): CodeIgniter\CodeIgniter->runController(Object(App\Controllers\User))
 4 SYSTEMPATH/CodeIgniter.php(361): CodeIgniter\CodeIgniter->handleRequest(null, Object(Config\Cache), false)
 5 FCPATH/index.php(79): CodeIgniter\CodeIgniter->run()
ERROR - 2024-03-03 00:28:45 --> mysqli_sql_exception: You have an error in your SQL syntax; check the manual that corresponds to your MySQL server version for the right syntax to use near 'WHERE `method`='cash' ORDER BY `date` DESC' at line 1 in /storage/emulated/0/htdocs/mtm_api/system/Database/MySQLi/Connection.php:306
Stack trace:
#0 /storage/emulated/0/htdocs/mtm_api/system/Database/MySQLi/Connection.php(306): mysqli->query('SELECT * FROM `...', 0)
#1 /storage/emulated/0/htdocs/mtm_api/system/Database/BaseConnection.php(693): CodeIgniter\Database\MySQLi\Connection->execute('SELECT * FROM `...')
#2 /storage/emulated/0/htdocs/mtm_api/system/Database/BaseConnection.php(607): CodeIgniter\Database\BaseConnection->simpleQuery('SELECT * FROM `...')
#3 /storage/emulated/0/htdocs/mtm_api/app/Controllers/User.php(414): CodeIgniter\Database\BaseConnection->query('SELECT * FROM `...')
#4 /storage/emulated/0/htdocs/mtm_api/system/CodeIgniter.php(942): App\Controllers\User->get_cash_payments()
#5 /storage/emulated/0/htdocs/mtm_api/system/CodeIgniter.php(502): CodeIgniter\CodeIgniter->runController(Object(App\Controllers\User))
#6 /storage/emulated/0/htdocs/mtm_api/system/CodeIgniter.php(361): CodeIgniter\CodeIgniter->handleRequest(NULL, Object(Config\Cache), false)
#7 /storage/emulated/0/htdocs/mtm_api/public/index.php(79): CodeIgniter\CodeIgniter->run()
#8 {main}
CRITICAL - 2024-03-03 00:28:45 --> You have an error in your SQL syntax; check the manual that corresponds to your MySQL server version for the right syntax to use near 'WHERE `method`='cash' ORDER BY `date` DESC' at line 1
in SYSTEMPATH/Database/BaseConnection.php on line 647.
 1 APPPATH/Controllers/User.php(414): CodeIgniter\Database\BaseConnection->query('SELECT * FROM `payment` WHERE `customer_id` WHERE `method`=\'cash\' ORDER BY `date` DESC')
 2 SYSTEMPATH/CodeIgniter.php(942): App\Controllers\User->get_cash_payments()
 3 SYSTEMPATH/CodeIgniter.php(502): CodeIgniter\CodeIgniter->runController(Object(App\Controllers\User))
 4 SYSTEMPATH/CodeIgniter.php(361): CodeIgniter\CodeIgniter->handleRequest(null, Object(Config\Cache), false)
 5 FCPATH/index.php(79): CodeIgniter\CodeIgniter->run()
ERROR - 2024-03-03 00:29:26 --> mysqli_sql_exception: You have an error in your SQL syntax; check the manual that corresponds to your MySQL server version for the right syntax to use near 'WHERE `method`='cash' ORDER BY `date` DESC' at line 1 in /storage/emulated/0/htdocs/mtm_api/system/Database/MySQLi/Connection.php:306
Stack trace:
#0 /storage/emulated/0/htdocs/mtm_api/system/Database/MySQLi/Connection.php(306): mysqli->query('SELECT * FROM `...', 0)
#1 /storage/emulated/0/htdocs/mtm_api/system/Database/BaseConnection.php(693): CodeIgniter\Database\MySQLi\Connection->execute('SELECT * FROM `...')
#2 /storage/emulated/0/htdocs/mtm_api/system/Database/BaseConnection.php(607): CodeIgniter\Database\BaseConnection->simpleQuery('SELECT * FROM `...')
#3 /storage/emulated/0/htdocs/mtm_api/app/Controllers/User.php(414): CodeIgniter\Database\BaseConnection->query('SELECT * FROM `...')
#4 /storage/emulated/0/htdocs/mtm_api/system/CodeIgniter.php(942): App\Controllers\User->get_cash_payments()
#5 /storage/emulated/0/htdocs/mtm_api/system/CodeIgniter.php(502): CodeIgniter\CodeIgniter->runController(Object(App\Controllers\User))
#6 /storage/emulated/0/htdocs/mtm_api/system/CodeIgniter.php(361): CodeIgniter\CodeIgniter->handleRequest(NULL, Object(Config\Cache), false)
#7 /storage/emulated/0/htdocs/mtm_api/public/index.php(79): CodeIgniter\CodeIgniter->run()
#8 {main}
CRITICAL - 2024-03-03 00:29:26 --> You have an error in your SQL syntax; check the manual that corresponds to your MySQL server version for the right syntax to use near 'WHERE `method`='cash' ORDER BY `date` DESC' at line 1
in SYSTEMPATH/Database/BaseConnection.php on line 647.
 1 APPPATH/Controllers/User.php(414): CodeIgniter\Database\BaseConnection->query('SELECT * FROM `payment` WHERE `customer_id`=0 WHERE `method`=\'cash\' ORDER BY `date` DESC')
 2 SYSTEMPATH/CodeIgniter.php(942): App\Controllers\User->get_cash_payments()
 3 SYSTEMPATH/CodeIgniter.php(502): CodeIgniter\CodeIgniter->runController(Object(App\Controllers\User))
 4 SYSTEMPATH/CodeIgniter.php(361): CodeIgniter\CodeIgniter->handleRequest(null, Object(Config\Cache), false)
 5 FCPATH/index.php(79): CodeIgniter\CodeIgniter->run()
ERROR - 2024-03-03 00:29:29 --> mysqli_sql_exception: You have an error in your SQL syntax; check the manual that corresponds to your MySQL server version for the right syntax to use near 'WHERE `method`='cash' ORDER BY `date` DESC' at line 1 in /storage/emulated/0/htdocs/mtm_api/system/Database/MySQLi/Connection.php:306
Stack trace:
#0 /storage/emulated/0/htdocs/mtm_api/system/Database/MySQLi/Connection.php(306): mysqli->query('SELECT * FROM `...', 0)
#1 /storage/emulated/0/htdocs/mtm_api/system/Database/BaseConnection.php(693): CodeIgniter\Database\MySQLi\Connection->execute('SELECT * FROM `...')
#2 /storage/emulated/0/htdocs/mtm_api/system/Database/BaseConnection.php(607): CodeIgniter\Database\BaseConnection->simpleQuery('SELECT * FROM `...')
#3 /storage/emulated/0/htdocs/mtm_api/app/Controllers/User.php(414): CodeIgniter\Database\BaseConnection->query('SELECT * FROM `...')
#4 /storage/emulated/0/htdocs/mtm_api/system/CodeIgniter.php(942): App\Controllers\User->get_cash_payments()
#5 /storage/emulated/0/htdocs/mtm_api/system/CodeIgniter.php(502): CodeIgniter\CodeIgniter->runController(Object(App\Controllers\User))
#6 /storage/emulated/0/htdocs/mtm_api/system/CodeIgniter.php(361): CodeIgniter\CodeIgniter->handleRequest(NULL, Object(Config\Cache), false)
#7 /storage/emulated/0/htdocs/mtm_api/public/index.php(79): CodeIgniter\CodeIgniter->run()
#8 {main}
CRITICAL - 2024-03-03 00:29:29 --> You have an error in your SQL syntax; check the manual that corresponds to your MySQL server version for the right syntax to use near 'WHERE `method`='cash' ORDER BY `date` DESC' at line 1
in SYSTEMPATH/Database/BaseConnection.php on line 647.
 1 APPPATH/Controllers/User.php(414): CodeIgniter\Database\BaseConnection->query('SELECT * FROM `payment` WHERE `customer_id`=0 WHERE `method`=\'cash\' ORDER BY `date` DESC')
 2 SYSTEMPATH/CodeIgniter.php(942): App\Controllers\User->get_cash_payments()
 3 SYSTEMPATH/CodeIgniter.php(502): CodeIgniter\CodeIgniter->runController(Object(App\Controllers\User))
 4 SYSTEMPATH/CodeIgniter.php(361): CodeIgniter\CodeIgniter->handleRequest(null, Object(Config\Cache), false)
 5 FCPATH/index.php(79): CodeIgniter\CodeIgniter->run()
ERROR - 2024-03-03 00:54:50 --> mysqli_sql_exception: Unknown column 'updated_at' in 'where clause' in /storage/emulated/0/htdocs/mtm_api/system/Database/MySQLi/Connection.php:306
Stack trace:
#0 /storage/emulated/0/htdocs/mtm_api/system/Database/MySQLi/Connection.php(306): mysqli->query('SELECT (SUM(`pr...', 0)
#1 /storage/emulated/0/htdocs/mtm_api/system/Database/BaseConnection.php(693): CodeIgniter\Database\MySQLi\Connection->execute('SELECT (SUM(`pr...')
#2 /storage/emulated/0/htdocs/mtm_api/system/Database/BaseConnection.php(607): CodeIgniter\Database\BaseConnection->simpleQuery('SELECT (SUM(`pr...')
#3 /storage/emulated/0/htdocs/mtm_api/app/Controllers/User.php(65): CodeIgniter\Database\BaseConnection->query('SELECT (SUM(`pr...')
#4 /storage/emulated/0/htdocs/mtm_api/system/CodeIgniter.php(942): App\Controllers\User->get_customer_data()
#5 /storage/emulated/0/htdocs/mtm_api/system/CodeIgniter.php(502): CodeIgniter\CodeIgniter->runController(Object(App\Controllers\User))
#6 /storage/emulated/0/htdocs/mtm_api/system/CodeIgniter.php(361): CodeIgniter\CodeIgniter->handleRequest(NULL, Object(Config\Cache), false)
#7 /storage/emulated/0/htdocs/mtm_api/public/index.php(79): CodeIgniter\CodeIgniter->run()
#8 {main}
CRITICAL - 2024-03-03 00:54:51 --> Unknown column 'updated_at' in 'where clause'
in SYSTEMPATH/Database/BaseConnection.php on line 647.
 1 APPPATH/Controllers/User.php(65): CodeIgniter\Database\BaseConnection->query('SELECT (SUM(`price`)+SUM(`additional_fee_1`)+SUM(`additional_fee_2`)) FROM `payment` WHERE `updated_at`=\'2024-03-03\'')
 2 SYSTEMPATH/CodeIgniter.php(942): App\Controllers\User->get_customer_data()
 3 SYSTEMPATH/CodeIgniter.php(502): CodeIgniter\CodeIgniter->runController(Object(App\Controllers\User))
 4 SYSTEMPATH/CodeIgniter.php(361): CodeIgniter\CodeIgniter->handleRequest(null, Object(Config\Cache), false)
 5 FCPATH/index.php(79): CodeIgniter\CodeIgniter->run()
ERROR - 2024-03-03 00:54:51 --> mysqli_sql_exception: Unknown column 'updated_at' in 'where clause' in /storage/emulated/0/htdocs/mtm_api/system/Database/MySQLi/Connection.php:306
Stack trace:
#0 /storage/emulated/0/htdocs/mtm_api/system/Database/MySQLi/Connection.php(306): mysqli->query('SELECT (SUM(`pr...', 0)
#1 /storage/emulated/0/htdocs/mtm_api/system/Database/BaseConnection.php(693): CodeIgniter\Database\MySQLi\Connection->execute('SELECT (SUM(`pr...')
#2 /storage/emulated/0/htdocs/mtm_api/system/Database/BaseConnection.php(607): CodeIgniter\Database\BaseConnection->simpleQuery('SELECT (SUM(`pr...')
#3 /storage/emulated/0/htdocs/mtm_api/app/Controllers/User.php(65): CodeIgniter\Database\BaseConnection->query('SELECT (SUM(`pr...')
#4 /storage/emulated/0/htdocs/mtm_api/system/CodeIgniter.php(942): App\Controllers\User->get_customer_data()
#5 /storage/emulated/0/htdocs/mtm_api/system/CodeIgniter.php(502): CodeIgniter\CodeIgniter->runController(Object(App\Controllers\User))
#6 /storage/emulated/0/htdocs/mtm_api/system/CodeIgniter.php(361): CodeIgniter\CodeIgniter->handleRequest(NULL, Object(Config\Cache), false)
#7 /storage/emulated/0/htdocs/mtm_api/public/index.php(79): CodeIgniter\CodeIgniter->run()
#8 {main}
CRITICAL - 2024-03-03 00:54:51 --> Unknown column 'updated_at' in 'where clause'
in SYSTEMPATH/Database/BaseConnection.php on line 647.
 1 APPPATH/Controllers/User.php(65): CodeIgniter\Database\BaseConnection->query('SELECT (SUM(`price`)+SUM(`additional_fee_1`)+SUM(`additional_fee_2`)) FROM `payment` WHERE `updated_at`=\'2024-03-03\'')
 2 SYSTEMPATH/CodeIgniter.php(942): App\Controllers\User->get_customer_data()
 3 SYSTEMPATH/CodeIgniter.php(502): CodeIgniter\CodeIgniter->runController(Object(App\Controllers\User))
 4 SYSTEMPATH/CodeIgniter.php(361): CodeIgniter\CodeIgniter->handleRequest(null, Object(Config\Cache), false)
 5 FCPATH/index.php(79): CodeIgniter\CodeIgniter->run()
ERROR - 2024-03-03 00:55:35 --> mysqli_sql_exception: Unknown column 'updated_at' in 'where clause' in /storage/emulated/0/htdocs/mtm_api/system/Database/MySQLi/Connection.php:306
Stack trace:
#0 /storage/emulated/0/htdocs/mtm_api/system/Database/MySQLi/Connection.php(306): mysqli->query('SELECT (SUM(`pr...', 0)
#1 /storage/emulated/0/htdocs/mtm_api/system/Database/BaseConnection.php(693): CodeIgniter\Database\MySQLi\Connection->execute('SELECT (SUM(`pr...')
#2 /storage/emulated/0/htdocs/mtm_api/system/Database/BaseConnection.php(607): CodeIgniter\Database\BaseConnection->simpleQuery('SELECT (SUM(`pr...')
#3 /storage/emulated/0/htdocs/mtm_api/app/Controllers/User.php(65): CodeIgniter\Database\BaseConnection->query('SELECT (SUM(`pr...')
#4 /storage/emulated/0/htdocs/mtm_api/system/CodeIgniter.php(942): App\Controllers\User->get_customer_data()
#5 /storage/emulated/0/htdocs/mtm_api/system/CodeIgniter.php(502): CodeIgniter\CodeIgniter->runController(Object(App\Controllers\User))
#6 /storage/emulated/0/htdocs/mtm_api/system/CodeIgniter.php(361): CodeIgniter\CodeIgniter->handleRequest(NULL, Object(Config\Cache), false)
#7 /storage/emulated/0/htdocs/mtm_api/public/index.php(79): CodeIgniter\CodeIgniter->run()
#8 {main}
CRITICAL - 2024-03-03 00:55:35 --> Unknown column 'updated_at' in 'where clause'
in SYSTEMPATH/Database/BaseConnection.php on line 647.
 1 APPPATH/Controllers/User.php(65): CodeIgniter\Database\BaseConnection->query('SELECT (SUM(`price`)+SUM(`additional_fee_1`)+SUM(`additional_fee_2`)) FROM `payment` WHERE `updated_at`=\'2024-03-03\'')
 2 SYSTEMPATH/CodeIgniter.php(942): App\Controllers\User->get_customer_data()
 3 SYSTEMPATH/CodeIgniter.php(502): CodeIgniter\CodeIgniter->runController(Object(App\Controllers\User))
 4 SYSTEMPATH/CodeIgniter.php(361): CodeIgniter\CodeIgniter->handleRequest(null, Object(Config\Cache), false)
 5 FCPATH/index.php(79): CodeIgniter\CodeIgniter->run()
ERROR - 2024-03-03 01:05:35 --> Error connecting to the database: ErrorException: mysqli::real_connect(): Error while reading greeting packet. PID=10013 in /storage/emulated/0/htdocs/mtm_api/system/Database/MySQLi/Connection.php:184
Stack trace:
#0 [internal function]: CodeIgniter\Debug\Exceptions->errorHandler(2, 'mysqli::real_co...', '/storage/emulat...', 184)
#1 /storage/emulated/0/htdocs/mtm_api/system/Database/MySQLi/Connection.php(184): mysqli->real_connect('localhost', 'bhia6715_mtm', Object(SensitiveParameterValue), 'bhia6715_mtm', 3306, '', 0)
#2 /storage/emulated/0/htdocs/mtm_api/system/Database/BaseConnection.php(392): CodeIgniter\Database\MySQLi\Connection->connect(false)
#3 /storage/emulated/0/htdocs/mtm_api/system/Database/BaseConnection.php(575): CodeIgniter\Database\BaseConnection->initialize()
#4 /storage/emulated/0/htdocs/mtm_api/app/Controllers/User.php(147): CodeIgniter\Database\BaseConnection->query('SELECT * FROM `...')
#5 /storage/emulated/0/htdocs/mtm_api/system/CodeIgniter.php(942): App\Controllers\User->get_unpaying_customers()
#6 /storage/emulated/0/htdocs/mtm_api/system/CodeIgniter.php(502): CodeIgniter\CodeIgniter->runController(Object(App\Controllers\User))
#7 /storage/emulated/0/htdocs/mtm_api/system/CodeIgniter.php(361): CodeIgniter\CodeIgniter->handleRequest(NULL, Object(Config\Cache), false)
#8 /storage/emulated/0/htdocs/mtm_api/public/index.php(79): CodeIgniter\CodeIgniter->run()
#9 {main}

Next mysqli_sql_exception: MySQL server has gone away in /storage/emulated/0/htdocs/mtm_api/system/Database/MySQLi/Connection.php:184
Stack trace:
#0 /storage/emulated/0/htdocs/mtm_api/system/Database/MySQLi/Connection.php(184): mysqli->real_connect('localhost', 'bhia6715_mtm', Object(SensitiveParameterValue), 'bhia6715_mtm', 3306, '', 0)
#1 /storage/emulated/0/htdocs/mtm_api/system/Database/BaseConnection.php(392): CodeIgniter\Database\MySQLi\Connection->connect(false)
#2 /storage/emulated/0/htdocs/mtm_api/system/Database/BaseConnection.php(575): CodeIgniter\Database\BaseConnection->initialize()
#3 /storage/emulated/0/htdocs/mtm_api/app/Controllers/User.php(147): CodeIgniter\Database\BaseConnection->query('SELECT * FROM `...')
#4 /storage/emulated/0/htdocs/mtm_api/system/CodeIgniter.php(942): App\Controllers\User->get_unpaying_customers()
#5 /storage/emulated/0/htdocs/mtm_api/system/CodeIgniter.php(502): CodeIgniter\CodeIgniter->runController(Object(App\Controllers\User))
#6 /storage/emulated/0/htdocs/mtm_api/system/CodeIgniter.php(361): CodeIgniter\CodeIgniter->handleRequest(NULL, Object(Config\Cache), false)
#7 /storage/emulated/0/htdocs/mtm_api/public/index.php(79): CodeIgniter\CodeIgniter->run()
#8 {main}

Next CodeIgniter\Database\Exceptions\DatabaseException: MySQL server has gone away in /storage/emulated/0/htdocs/mtm_api/system/Database/MySQLi/Connection.php:229
Stack trace:
#0 /storage/emulated/0/htdocs/mtm_api/system/Database/BaseConnection.php(392): CodeIgniter\Database\MySQLi\Connection->connect(false)
#1 /storage/emulated/0/htdocs/mtm_api/system/Database/BaseConnection.php(575): CodeIgniter\Database\BaseConnection->initialize()
#2 /storage/emulated/0/htdocs/mtm_api/app/Controllers/User.php(147): CodeIgniter\Database\BaseConnection->query('SELECT * FROM `...')
#3 /storage/emulated/0/htdocs/mtm_api/system/CodeIgniter.php(942): App\Controllers\User->get_unpaying_customers()
#4 /storage/emulated/0/htdocs/mtm_api/system/CodeIgniter.php(502): CodeIgniter\CodeIgniter->runController(Object(App\Controllers\User))
#5 /storage/emulated/0/htdocs/mtm_api/system/CodeIgniter.php(361): CodeIgniter\CodeIgniter->handleRequest(NULL, Object(Config\Cache), false)
#6 /storage/emulated/0/htdocs/mtm_api/public/index.php(79): CodeIgniter\CodeIgniter->run()
#7 {main}
CRITICAL - 2024-03-03 01:05:35 --> Unable to connect to the database.
Main connection [MySQLi]: MySQL server has gone away
in SYSTEMPATH/Database/BaseConnection.php on line 428.
 1 SYSTEMPATH/Database/BaseConnection.php(575): CodeIgniter\Database\BaseConnection->initialize()
 2 APPPATH/Controllers/User.php(147): CodeIgniter\Database\BaseConnection->query('SELECT * FROM `overdue` WHERE `paid`=0 AND MONTH(`updated_at`)=03 AND YEAR(`updated_at`)=2024')
 3 SYSTEMPATH/CodeIgniter.php(942): App\Controllers\User->get_unpaying_customers()
 4 SYSTEMPATH/CodeIgniter.php(502): CodeIgniter\CodeIgniter->runController(Object(App\Controllers\User))
 5 SYSTEMPATH/CodeIgniter.php(361): CodeIgniter\CodeIgniter->handleRequest(null, Object(Config\Cache), false)
 6 FCPATH/index.php(79): CodeIgniter\CodeIgniter->run()
CRITICAL - 2024-03-03 01:27:16 --> Trying to access array offset on value of type null
in APPPATH/Controllers/User.php on line 82.
 1 APPPATH/Controllers/User.php(82): CodeIgniter\Debug\Exceptions->errorHandler(2, 'Trying to access array offset on value of type null', '/storage/emulated/0/htdocs/mtm_api/app/Controllers/User.php', 82)
 2 SYSTEMPATH/CodeIgniter.php(942): App\Controllers\User->get_customer_data()
 3 SYSTEMPATH/CodeIgniter.php(502): CodeIgniter\CodeIgniter->runController(Object(App\Controllers\User))
 4 SYSTEMPATH/CodeIgniter.php(361): CodeIgniter\CodeIgniter->handleRequest(null, Object(Config\Cache), false)
 5 FCPATH/index.php(79): CodeIgniter\CodeIgniter->run()
ERROR - 2024-03-03 01:28:04 --> mysqli_sql_exception: Unknown column 'completed' in 'where clause' in /storage/emulated/0/htdocs/mtm_api/system/Database/MySQLi/Connection.php:306
Stack trace:
#0 /storage/emulated/0/htdocs/mtm_api/system/Database/MySQLi/Connection.php(306): mysqli->query('SELECT * FROM `...', 0)
#1 /storage/emulated/0/htdocs/mtm_api/system/Database/BaseConnection.php(693): CodeIgniter\Database\MySQLi\Connection->execute('SELECT * FROM `...')
#2 /storage/emulated/0/htdocs/mtm_api/system/Database/BaseConnection.php(607): CodeIgniter\Database\BaseConnection->simpleQuery('SELECT * FROM `...')
#3 /storage/emulated/0/htdocs/mtm_api/app/Controllers/User.php(89): CodeIgniter\Database\BaseConnection->query('SELECT * FROM `...')
#4 /storage/emulated/0/htdocs/mtm_api/system/CodeIgniter.php(942): App\Controllers\User->get_customer_data()
#5 /storage/emulated/0/htdocs/mtm_api/system/CodeIgniter.php(502): CodeIgniter\CodeIgniter->runController(Object(App\Controllers\User))
#6 /storage/emulated/0/htdocs/mtm_api/system/CodeIgniter.php(361): CodeIgniter\CodeIgniter->handleRequest(NULL, Object(Config\Cache), false)
#7 /storage/emulated/0/htdocs/mtm_api/public/index.php(79): CodeIgniter\CodeIgniter->run()
#8 {main}
CRITICAL - 2024-03-03 01:28:04 --> Unknown column 'completed' in 'where clause'
in SYSTEMPATH/Database/BaseConnection.php on line 647.
 1 APPPATH/Controllers/User.php(89): CodeIgniter\Database\BaseConnection->query('SELECT * FROM `customer` WHERE `id` IN (SELECT `customer_id` FROM `payment` WHERE `user_id`=1 AND `status`=`completed`)')
 2 SYSTEMPATH/CodeIgniter.php(942): App\Controllers\User->get_customer_data()
 3 SYSTEMPATH/CodeIgniter.php(502): CodeIgniter\CodeIgniter->runController(Object(App\Controllers\User))
 4 SYSTEMPATH/CodeIgniter.php(361): CodeIgniter\CodeIgniter->handleRequest(null, Object(Config\Cache), false)
 5 FCPATH/index.php(79): CodeIgniter\CodeIgniter->run()
ERROR - 2024-03-03 01:29:03 --> mysqli_sql_exception: Unknown column 'completed' in 'where clause' in /storage/emulated/0/htdocs/mtm_api/system/Database/MySQLi/Connection.php:306
Stack trace:
#0 /storage/emulated/0/htdocs/mtm_api/system/Database/MySQLi/Connection.php(306): mysqli->query('SELECT * FROM `...', 0)
#1 /storage/emulated/0/htdocs/mtm_api/system/Database/BaseConnection.php(693): CodeIgniter\Database\MySQLi\Connection->execute('SELECT * FROM `...')
#2 /storage/emulated/0/htdocs/mtm_api/system/Database/BaseConnection.php(607): CodeIgniter\Database\BaseConnection->simpleQuery('SELECT * FROM `...')
#3 /storage/emulated/0/htdocs/mtm_api/app/Controllers/User.php(89): CodeIgniter\Database\BaseConnection->query('SELECT * FROM `...')
#4 /storage/emulated/0/htdocs/mtm_api/system/CodeIgniter.php(942): App\Controllers\User->get_customer_data()
#5 /storage/emulated/0/htdocs/mtm_api/system/CodeIgniter.php(502): CodeIgniter\CodeIgniter->runController(Object(App\Controllers\User))
#6 /storage/emulated/0/htdocs/mtm_api/system/CodeIgniter.php(361): CodeIgniter\CodeIgniter->handleRequest(NULL, Object(Config\Cache), false)
#7 /storage/emulated/0/htdocs/mtm_api/public/index.php(79): CodeIgniter\CodeIgniter->run()
#8 {main}
CRITICAL - 2024-03-03 01:29:03 --> Unknown column 'completed' in 'where clause'
in SYSTEMPATH/Database/BaseConnection.php on line 647.
 1 APPPATH/Controllers/User.php(89): CodeIgniter\Database\BaseConnection->query('SELECT * FROM `customer` WHERE `id` IN (SELECT `customer_id` FROM `payment` WHERE `user_id`=1 AND `status`=`completed`)')
 2 SYSTEMPATH/CodeIgniter.php(942): App\Controllers\User->get_customer_data()
 3 SYSTEMPATH/CodeIgniter.php(502): CodeIgniter\CodeIgniter->runController(Object(App\Controllers\User))
 4 SYSTEMPATH/CodeIgniter.php(361): CodeIgniter\CodeIgniter->handleRequest(null, Object(Config\Cache), false)
 5 FCPATH/index.php(79): CodeIgniter\CodeIgniter->run()
CRITICAL - 2024-03-03 01:59:26 --> Undefined variable $totalOverdues
in APPPATH/Controllers/User.php on line 114.
 1 APPPATH/Controllers/User.php(114): CodeIgniter\Debug\Exceptions->errorHandler(2, 'Undefined variable $totalOverdues', '/storage/emulated/0/htdocs/mtm_api/app/Controllers/User.php', 114)
 2 SYSTEMPATH/CodeIgniter.php(942): App\Controllers\User->get_customer_data()
 3 SYSTEMPATH/CodeIgniter.php(502): CodeIgniter\CodeIgniter->runController(Object(App\Controllers\User))
 4 SYSTEMPATH/CodeIgniter.php(361): CodeIgniter\CodeIgniter->handleRequest(null, Object(Config\Cache), false)
 5 FCPATH/index.php(79): CodeIgniter\CodeIgniter->run()
CRITICAL - 2024-03-03 01:59:41 --> Undefined variable $totalOverdues
in APPPATH/Controllers/User.php on line 114.
 1 APPPATH/Controllers/User.php(114): CodeIgniter\Debug\Exceptions->errorHandler(2, 'Undefined variable $totalOverdues', '/storage/emulated/0/htdocs/mtm_api/app/Controllers/User.php', 114)
 2 SYSTEMPATH/CodeIgniter.php(942): App\Controllers\User->get_customer_data()
 3 SYSTEMPATH/CodeIgniter.php(502): CodeIgniter\CodeIgniter->runController(Object(App\Controllers\User))
 4 SYSTEMPATH/CodeIgniter.php(361): CodeIgniter\CodeIgniter->handleRequest(null, Object(Config\Cache), false)
 5 FCPATH/index.php(79): CodeIgniter\CodeIgniter->run()
CRITICAL - 2024-03-03 02:00:31 --> Undefined variable $totalOverdues
in APPPATH/Controllers/User.php on line 114.
 1 APPPATH/Controllers/User.php(114): CodeIgniter\Debug\Exceptions->errorHandler(2, 'Undefined variable $totalOverdues', '/storage/emulated/0/htdocs/mtm_api/app/Controllers/User.php', 114)
 2 SYSTEMPATH/CodeIgniter.php(942): App\Controllers\User->get_customer_data()
 3 SYSTEMPATH/CodeIgniter.php(502): CodeIgniter\CodeIgniter->runController(Object(App\Controllers\User))
 4 SYSTEMPATH/CodeIgniter.php(361): CodeIgniter\CodeIgniter->handleRequest(null, Object(Config\Cache), false)
 5 FCPATH/index.php(79): CodeIgniter\CodeIgniter->run()
